\BOOKMARK [0][-]{chapter*.1}{\376\377\000R\000e\000z\000u\000m\000a\000t}{}% 1
\BOOKMARK [0][-]{chapter.1}{\376\377\000I\000n\000t\000r\000o\000d\000u\000c\000e\000r\000e}{}% 2
\BOOKMARK [1][-]{section.1.1}{\376\377\000C\000o\000n\000t\000e\000x\000t\000u\000l\000\040\000a\000c\000t\000u\000a\000l\000\040\000a\000l\000\040\000t\000e\000m\000e\000i}{chapter.1}% 3
\BOOKMARK [1][-]{section.1.2}{\376\377\000P\000r\000o\000b\000l\000e\000m\000a\000\040\000p\000e\000\040\000c\000a\000r\000e\000\040\000o\000\040\000u\000r\000m\001\003\000r\000e\002\031\000t\000e\000\040\000l\000u\000c\000r\000a\000r\000e\000a}{chapter.1}% 4
\BOOKMARK [1][-]{section.1.3}{\376\377\000M\000o\000t\000i\000v\000a\002\033\000i\000a\000\040\000a\000l\000e\000g\000e\000r\000i\000i\000\040\000t\000e\000m\000e\000i}{chapter.1}% 5
\BOOKMARK [1][-]{section.1.4}{\376\377\000O\000b\000i\000e\000c\000t\000i\000v\000e\000l\000e\000\040\000p\000r\000o\000i\000e\000c\000t\000u\000l\000u\000i}{chapter.1}% 6
\BOOKMARK [1][-]{section.1.5}{\376\377\000C\000o\000n\000t\000r\000i\000b\000u\002\033\000i\000i\000l\000e\000\040\000p\000r\000o\000p\000r\000i\000i}{chapter.1}% 7
\BOOKMARK [1][-]{section.1.6}{\376\377\000M\000e\000t\000o\000d\000a\000\040\000d\000e\000\040\000l\000u\000c\000r\000u}{chapter.1}% 8
\BOOKMARK [1][-]{section.1.7}{\376\377\000S\000t\000r\000u\000c\000t\000u\000r\000a\000\040\000l\000u\000c\000r\001\003\000r\000i\000i}{chapter.1}% 9
\BOOKMARK [0][-]{chapter.2}{\376\377\000A\000n\000a\000l\000i\000z\000a\000\040\000d\000o\000m\000e\000n\000i\000u\000l\000u\000i\000\040\002\031\000i\000\040\000s\000t\000u\000d\000i\000u\000\040\000c\000o\000m\000p\000a\000r\000a\000t\000i\000v}{}% 10
\BOOKMARK [1][-]{section.2.1}{\376\377\000E\000v\000o\000l\000u\002\033\000i\000a\000\040\000s\000p\000a\002\033\000i\000u\000l\000u\000i\000\040\000d\000e\000s\000i\000g\000n\000-\000t\000o\000-\000c\000o\000d\000e}{chapter.2}% 11
\BOOKMARK [1][-]{section.2.2}{\376\377\000C\000r\000i\000t\000e\000r\000i\000i\000\040\000d\000e\000\040\000c\000o\000m\000p\000a\000r\000a\002\033\000i\000e}{chapter.2}% 12
\BOOKMARK [1][-]{section.2.3}{\376\377\000A\000p\000l\000i\000c\000a\002\033\000i\000i\000\040\000r\000e\000l\000e\000v\000a\000n\000t\000e\000\040\000d\000i\000n\000\040\000a\000c\000e\000e\000a\002\031\000i\000\040\000z\000o\000n\001\003}{chapter.2}% 13
\BOOKMARK [2][-]{subsection.2.3.1}{\376\377\000F\000i\000g\000m\000a}{section.2.3}% 14
\BOOKMARK [2][-]{subsection.2.3.2}{\376\377\000W\000e\000b\000f\000l\000o\000w}{section.2.3}% 15
\BOOKMARK [2][-]{subsection.2.3.3}{\376\377\000F\000r\000a\000m\000e\000r}{section.2.3}% 16
\BOOKMARK [2][-]{subsection.2.3.4}{\376\377\000B\000u\000i\000l\000d\000e\000r\000.\000i\000o}{section.2.3}% 17
\BOOKMARK [1][-]{section.2.4}{\376\377\000T\000a\000b\000e\000l\000\040\000c\000o\000m\000p\000a\000r\000a\000t\000i\000v}{chapter.2}% 18
\BOOKMARK [1][-]{section.2.5}{\376\377\000P\000o\000z\000i\002\033\000i\000o\000n\000a\000r\000e\000a\000\040\000p\000r\000o\000i\000e\000c\000t\000u\000l\000u\000i\000\040\000F\000a\000v\000i\000g\000o\000n}{chapter.2}% 19
\BOOKMARK [1][-]{section.2.6}{\376\377\000G\000o\000l\000u\000l\000\040\000p\000e\000\040\000c\000a\000r\000e\000\040\000\356\000l\000\040\000a\000c\000o\000p\000e\000r\001\003\000\040\000F\000a\000v\000i\000g\000o\000n}{chapter.2}% 20
\BOOKMARK [1][-]{section.2.7}{\376\377\000C\000o\000n\000c\000l\000u\000z\000i\000i\000\040\000i\000n\000t\000e\000r\000m\000e\000d\000i\000a\000r\000e}{chapter.2}% 21
\BOOKMARK [0][-]{chapter.3}{\376\377\000F\000u\000n\000d\000a\000m\000e\000n\000t\000e\000\040\000t\000e\000o\000r\000e\000t\000i\000c\000e\000\040\002\031\000i\000\040\000t\000e\000h\000n\000o\000l\000o\000g\000i\000i\000\040\000u\000t\000i\000l\000i\000z\000a\000t\000e}{}% 22
\BOOKMARK [1][-]{section.3.1}{\376\377\000C\000o\000n\000s\000i\000d\000e\000r\000a\002\033\000i\000i\000\040\000g\000e\000n\000e\000r\000a\000l\000e}{chapter.3}% 23
\BOOKMARK [1][-]{section.3.2}{\376\377\000A\000p\000l\000i\000c\000a\002\033\000i\000i\000\040\000s\000i\000n\000g\000l\000e\000-\000p\000a\000g\000e\000\040\002\031\000i\000\040\000r\000o\000l\000u\000l\000\040\000f\000r\000o\000n\000t\000e\000n\000d\000-\000u\000l\000u\000i\000\040\000m\000o\000d\000e\000r\000n}{chapter.3}% 24
\BOOKMARK [1][-]{section.3.3}{\376\377\000A\000r\000h\000i\000t\000e\000c\000t\000u\000r\000a\000\040\000c\000l\000i\000e\000n\000t\000-\000s\000e\000r\000v\000e\000r\000\040\002\031\000i\000\040\000A\000P\000I\000-\000u\000l\000\040\000R\000E\000S\000T}{chapter.3}% 25
\BOOKMARK [1][-]{section.3.4}{\376\377\000A\000u\000t\000e\000n\000t\000i\000f\000i\000c\000a\000r\000e\000,\000\040\000t\000o\000k\000e\000n\000-\000u\000r\000i\000\040\002\031\000i\000\040\000s\000e\000c\000u\000r\000i\000t\000a\000t\000e\000\040\000l\000a\000\040\000n\000i\000v\000e\000l\000\040\000d\000e\000\040\000c\000e\000r\000e\000r\000e}{chapter.3}% 26
\BOOKMARK [1][-]{section.3.5}{\376\377\000R\000e\000p\000r\000e\000z\000e\000n\000t\000a\000r\000e\000a\000\040\000i\000n\000t\000e\000r\000m\000e\000d\000i\000a\000r\001\003\000\040\000a\000\040\000i\000n\000t\000e\000r\000f\000e\002\033\000e\000i}{chapter.3}% 27
\BOOKMARK [1][-]{section.3.6}{\376\377\000J\000S\000O\000N\000\040\000S\000c\000h\000e\000m\000a\000\040\002\031\000i\000\040\000i\000e\002\031\000i\000r\000i\000\040\000s\000t\000r\000u\000c\000t\000u\000r\000a\000t\000e\000\040\000p\000e\000n\000t\000r\000u\000\040\000A\000I}{chapter.3}% 28
\BOOKMARK [1][-]{section.3.7}{\376\377\000B\000a\000z\000a\000\040\000d\000e\000\040\000d\000a\000t\000e\000\040\000r\000e\000l\000a\002\033\000i\000o\000n\000a\000l\001\003\000\040\002\031\000i\000\040\000p\000e\000r\000s\000i\000s\000t\000e\000n\002\033\000a}{chapter.3}% 29
\BOOKMARK [1][-]{section.3.8}{\376\377\000O\000r\000c\000h\000e\000s\000t\000r\000a\000r\000e\000\040\002\031\000i\000\040\000i\000n\000f\000r\000a\000s\000t\000r\000u\000c\000t\000u\000r\001\003}{chapter.3}% 30
\BOOKMARK [1][-]{section.3.9}{\376\377\000D\000e\000\040\000c\000e\000\040\000a\000c\000e\000a\000s\000t\001\003\000\040\000c\000o\000m\000b\000i\000n\000a\002\033\000i\000e\000\040\000t\000e\000h\000n\000o\000l\000o\000g\000i\000c\001\003\000\040\000a\000\040\000f\000o\000s\000t\000\040\000p\000o\000t\000r\000i\000v\000i\000t\001\003}{chapter.3}% 31
\BOOKMARK [1][-]{section.3.10}{\376\377\000C\000o\000n\000c\000l\000u\000z\000i\000i\000\040\000i\000n\000t\000e\000r\000m\000e\000d\000i\000a\000r\000e}{chapter.3}% 32
\BOOKMARK [0][-]{chapter.4}{\376\377\000A\000n\000a\000l\000i\000z\000a\000\040\002\031\000i\000\040\000p\000r\000o\000i\000e\000c\000t\000a\000r\000e\000a\000\040\000s\000i\000s\000t\000e\000m\000u\000l\000u\000i}{}% 33
\BOOKMARK [1][-]{section.4.1}{\376\377\000P\000o\000r\000n\000i\000r\000e\000a\000\040\000d\000e\000\040\000l\000a\000\040\000c\000e\000r\000i\000n\002\033\000e}{chapter.4}% 34
\BOOKMARK [1][-]{section.4.2}{\376\377\000C\000e\000r\000i\000n\002\033\000e\000\040\000f\000u\000n\000c\002\033\000i\000o\000n\000a\000l\000e}{chapter.4}% 35
\BOOKMARK [1][-]{section.4.3}{\376\377\000C\000e\000r\000i\000n\002\033\000e\000\040\000n\000e\000f\000u\000n\000c\002\033\000i\000o\000n\000a\000l\000e}{chapter.4}% 36
\BOOKMARK [1][-]{section.4.4}{\376\377\000A\000c\000t\000o\000r\000i\000i\000\040\000p\000r\000i\000n\000c\000i\000p\000a\000l\000i}{chapter.4}% 37
\BOOKMARK [1][-]{section.4.5}{\376\377\000S\000c\000e\000n\000a\000r\000i\000i\000\040\000p\000r\000i\000n\000c\000i\000p\000a\000l\000e\000\040\000d\000e\000\040\000u\000t\000i\000l\000i\000z\000a\000r\000e}{chapter.4}% 38
\BOOKMARK [2][-]{subsection.4.5.1}{\376\377\000S\000c\000e\000n\000a\000r\000i\000u\000l\000\040\0001\000:\000\040\000c\000r\000e\000a\000r\000e\000\040\002\031\000i\000\040\000e\000d\000i\000t\000a\000r\000e\000\040\000p\000r\000o\000i\000e\000c\000t}{section.4.5}% 39
\BOOKMARK [2][-]{subsection.4.5.2}{\376\377\000S\000c\000e\000n\000a\000r\000i\000u\000l\000\040\0002\000:\000\040\000g\000e\000n\000e\000r\000a\000r\000e\000\040\000a\000s\000i\000s\000t\000a\000t\001\003\000\040\000d\000e\000\040\000A\000I}{section.4.5}% 40
\BOOKMARK [2][-]{subsection.4.5.3}{\376\377\000S\000c\000e\000n\000a\000r\000i\000u\000l\000\040\0003\000:\000\040\000e\000x\000p\000o\000r\000t\000\040\000\356\000n\000\040\000c\000o\000d}{section.4.5}% 41
\BOOKMARK [2][-]{subsection.4.5.4}{\376\377\000S\000c\000e\000n\000a\000r\000i\000u\000l\000\040\0004\000:\000\040\000d\000i\000s\000t\000r\000i\000b\000u\000i\000r\000e\000\040\002\031\000i\000\040\000r\000e\000u\000t\000i\000l\000i\000z\000a\000r\000e}{section.4.5}% 42
\BOOKMARK [1][-]{section.4.6}{\376\377\000A\000r\000h\000i\000t\000e\000c\000t\000u\000r\000a\000\040\000g\000e\000n\000e\000r\000a\000l\001\003}{chapter.4}% 43
\BOOKMARK [1][-]{section.4.7}{\376\377\000O\000r\000g\000a\000n\000i\000z\000a\000r\000e\000a\000\040\000b\000a\000c\000k\000e\000n\000d\000-\000u\000l\000u\000i\000\040\000p\000e\000\040\000s\000t\000r\000a\000t\000u\000r\000i}{chapter.4}% 44
\BOOKMARK [1][-]{section.4.8}{\376\377\000O\000r\000g\000a\000n\000i\000z\000a\000r\000e\000a\000\040\000f\000r\000o\000n\000t\000e\000n\000d\000-\000u\000l\000u\000i\000\040\000p\000e\000\040\000f\000e\000a\000t\000u\000r\000e\000-\000u\000r\000i}{chapter.4}% 45
\BOOKMARK [1][-]{section.4.9}{\376\377\000M\000o\000d\000e\000l\000u\000l\000\040\000d\000e\000\040\000d\000a\000t\000e\000\040\000c\000o\000n\000c\000e\000p\000t\000u\000a\000l}{chapter.4}% 46
\BOOKMARK [1][-]{section.4.10}{\376\377\000F\000l\000u\000x\000u\000r\000i\000l\000e\000\040\000p\000r\000i\000n\000c\000i\000p\000a\000l\000e}{chapter.4}% 47
\BOOKMARK [2][-]{subsection.4.10.1}{\376\377\000F\000l\000u\000x\000u\000l\000\040\000d\000e\000\040\000a\000u\000t\000e\000n\000t\000i\000f\000i\000c\000a\000r\000e}{section.4.10}% 48
\BOOKMARK [2][-]{subsection.4.10.2}{\376\377\000F\000l\000u\000x\000u\000l\000\040\000d\000e\000\040\000e\000d\000i\000t\000a\000r\000e}{section.4.10}% 49
\BOOKMARK [2][-]{subsection.4.10.3}{\376\377\000F\000l\000u\000x\000u\000l\000\040\000d\000e\000\040\000e\000x\000p\000o\000r\000t}{section.4.10}% 50
\BOOKMARK [2][-]{subsection.4.10.4}{\376\377\000F\000l\000u\000x\000u\000l\000\040\000A\000I}{section.4.10}% 51
\BOOKMARK [1][-]{section.4.11}{\376\377\000D\000e\000c\000i\000z\000i\000i\000\040\000d\000e\000\040\000p\000r\000o\000i\000e\000c\000t\000a\000r\000e\000\040\000c\000a\000r\000e\000\040\000a\000u\000\040\000i\000n\000f\000l\000u\000e\000n\002\033\000a\000t\000\040\000c\000e\000l\000\040\000m\000a\000i\000\040\000m\000u\000l\000t\000\040\000i\000m\000p\000l\000e\000m\000e\000n\000t\000a\000r\000e\000a}{chapter.4}% 52
\BOOKMARK [1][-]{section.4.12}{\376\377\000C\000o\000n\000c\000l\000u\000z\000i\000i\000\040\000i\000n\000t\000e\000r\000m\000e\000d\000i\000a\000r\000e}{chapter.4}% 53
\BOOKMARK [0][-]{chapter.5}{\376\377\000I\000m\000p\000l\000e\000m\000e\000n\000t\000a\000r\000e\000a\000\040\000p\000l\000a\000t\000f\000o\000r\000m\000e\000i\000\040\000F\000a\000v\000i\000g\000o\000n}{}% 54
\BOOKMARK [1][-]{section.5.1}{\376\377\000P\000r\000i\000v\000i\000r\000e\000\040\000d\000e\000\040\000a\000n\000s\000a\000m\000b\000l\000u\000\040\000a\000s\000u\000p\000r\000a\000\040\000i\000m\000p\000l\000e\000m\000e\000n\000t\001\003\000r\000i\000i}{chapter.5}% 55
\BOOKMARK [1][-]{section.5.2}{\376\377\000R\000u\000t\000a\000r\000e\000\040\002\031\000i\000\040\000p\000o\000r\000n\000i\000r\000e\000a\000\040\000a\000p\000l\000i\000c\000a\002\033\000i\000e\000i\000\040\000f\000r\000o\000n\000t\000e\000n\000d}{chapter.5}% 56
\BOOKMARK [1][-]{section.5.3}{\376\377\000M\000o\000d\000u\000l\000u\000l\000\040\000d\000e\000\040\000a\000u\000t\000e\000n\000t\000i\000f\000i\000c\000a\000r\000e\000\040\002\031\000i\000\040\000p\000r\000o\000f\000i\000l}{chapter.5}% 57
\BOOKMARK [2][-]{subsection.5.3.1}{\376\377\000F\000l\000u\000x\000u\000r\000i\000l\000e\000\040\000d\000e\000\040\000b\000a\000z\001\003}{section.5.3}% 58
\BOOKMARK [2][-]{subsection.5.3.2}{\376\377\000J\000W\000T\000\040\000\356\000n\000\040\000c\000o\000o\000k\000i\000e\000\040\002\031\000i\000\040\000r\000e\000f\000r\000e\000s\000h\000\040\000t\000o\000k\000e\000n}{section.5.3}% 59
\BOOKMARK [2][-]{subsection.5.3.3}{\376\377\000A\000u\000t\000e\000n\000t\000i\000f\000i\000c\000a\000r\000e\000a\000\040\000\356\000n\000\040\000d\000o\000i\000\040\000p\000a\002\031\000i}{section.5.3}% 60
\BOOKMARK [2][-]{subsection.5.3.4}{\376\377\000P\000r\000o\000f\000i\000l\000u\000l\000\040\000u\000t\000i\000l\000i\000z\000a\000t\000o\000r\000u\000l\000u\000i}{section.5.3}% 61
\BOOKMARK [1][-]{section.5.4}{\376\377\000G\000e\000s\000t\000i\000o\000n\000a\000r\000e\000a\000\040\000p\000r\000o\000i\000e\000c\000t\000e\000l\000o\000r}{chapter.5}% 62
\BOOKMARK [2][-]{subsection.5.4.1}{\376\377\000C\000i\000c\000l\000u\000l\000\040\000d\000e\000\040\000v\000i\000a\002\033\001\003\000\040\000a\000l\000\040\000p\000r\000o\000i\000e\000c\000t\000e\000l\000o\000r}{section.5.4}% 63
\BOOKMARK [2][-]{subsection.5.4.2}{\376\377\000P\000e\000r\000s\000i\000s\000t\000a\000r\000e\000a\000\040\000d\000e\000s\000i\000g\000n\000u\000l\000u\000i}{section.5.4}% 64
\BOOKMARK [2][-]{subsection.5.4.3}{\376\377\000T\000h\000u\000m\000b\000n\000a\000i\000l\000\040\002\031\000i\000\040\000a\000s\000s\000e\000t\000-\000u\000r\000i}{section.5.4}% 65
\BOOKMARK [1][-]{section.5.5}{\376\377\000F\000u\000n\000c\002\033\000i\000o\000n\000a\000l\000i\000t\001\003\002\033\000i\000\040\000s\000o\000c\000i\000a\000l\000e\000\040\002\031\000i\000\040\000e\000x\000p\000l\000o\000r\000a\000r\000e}{chapter.5}% 66
\BOOKMARK [1][-]{section.5.6}{\376\377\000S\000u\000p\000r\000a\000f\000a\002\033\000a\000\040\000A\000P\000I\000\040\002\031\000i\000\040\000d\000i\000s\000t\000r\000i\000b\000u\002\033\000i\000a\000\040\000r\000e\000s\000p\000o\000n\000s\000a\000b\000i\000l\000i\000t\001\003\002\033\000i\000l\000o\000r}{chapter.5}% 67
\BOOKMARK [1][-]{section.5.7}{\376\377\000E\000d\000i\000t\000o\000r\000u\000l\000\040\000c\000a\000n\000v\000a\000s}{chapter.5}% 68
\BOOKMARK [2][-]{subsection.5.7.1}{\376\377\000R\000o\000l\000u\000l\000\040\000e\000d\000i\000t\000o\000r\000u\000l\000u\000i\000\040\000\356\000n\000\040\000\356\000n\000t\000r\000e\000g\000u\000l\000\040\000p\000r\000o\000d\000u\000s}{section.5.7}% 69
\BOOKMARK [2][-]{subsection.5.7.2}{\376\377\000S\000t\000a\000r\000e\000a\000\040\000e\000d\000i\000t\000o\000r\000u\000l\000u\000i}{section.5.7}% 70
\BOOKMARK [2][-]{subsection.5.7.3}{\376\377\000V\000i\000e\000w\000p\000o\000r\000t\000,\000\040\000s\000e\000l\000e\000c\002\033\000i\000e\000\040\002\031\000i\000\040\000g\000e\000s\000t\000u\000r\000i}{section.5.7}% 71
\BOOKMARK [2][-]{subsection.5.7.4}{\376\377\000I\000s\000t\000o\000r\000i\000c\000\040\002\031\000i\000\040\000c\000l\000i\000p\000b\000o\000a\000r\000d}{section.5.7}% 72
\BOOKMARK [2][-]{subsection.5.7.5}{\376\377\000M\000a\000n\000a\000g\000e\000m\000e\000n\000t\000u\000l\000\040\000p\000a\000g\000i\000n\000i\000l\000o\000r}{section.5.7}% 73
\BOOKMARK [2][-]{subsection.5.7.6}{\376\377\000P\000r\000e\000v\000i\000e\000w\000-\000u\000l\000\040\000i\000n\000t\000e\000r\000a\000c\000t\000i\000v}{section.5.7}% 74
\BOOKMARK [2][-]{subsection.5.7.7}{\376\377\000P\000e\000r\000s\000i\000s\000t\000a\000r\000e\000\040\002\031\000i\000\040\000i\000n\000t\000e\000g\000r\000a\000r\000e\000\040\000c\000u\000\040\000r\000e\000s\000t\000u\000l\000\040\000a\000p\000l\000i\000c\000a\002\033\000i\000e\000i}{section.5.7}% 75
\BOOKMARK [2][-]{subsection.5.7.8}{\376\377\000P\000e\000r\000s\000i\000s\000t\000e\000n\002\033\000a\000\040\000l\000o\000c\000a\000l\001\003\000\040\000a\000\040\000c\000o\000n\000v\000e\000r\000s\000a\002\033\000i\000e\000i\000\040\000A\000I}{section.5.7}% 76
\BOOKMARK [1][-]{section.5.8}{\376\377\000D\000e\000c\000i\000z\000i\000i\000\040\000d\000e\000\040\000i\000m\000p\000l\000e\000m\000e\000n\000t\000a\000r\000e\000\040\000c\000u\000\040\000i\000m\000p\000a\000c\000t\000\040\000m\000a\000j\000o\000r}{chapter.5}% 77
\BOOKMARK [1][-]{section.5.9}{\376\377\000C\000o\000n\000c\000l\000u\000z\000i\000i\000\040\000i\000n\000t\000e\000r\000m\000e\000d\000i\000a\000r\000e}{chapter.5}% 78
\BOOKMARK [0][-]{chapter.6}{\376\377\000G\000e\000n\000e\000r\000a\000r\000e\000a\000\040\000a\000s\000i\000s\000t\000a\000t\001\003\000\040\000d\000e\000\040\000A\000I\000\040\002\031\000i\000\040\000c\000o\000n\000v\000e\000r\000s\000i\000a\000\040\000i\000n\000t\000e\000r\000f\000e\002\033\000e\000l\000o\000r\000\040\000\356\000n\000\040\000c\000o\000d}{}% 79
\BOOKMARK [1][-]{section.6.1}{\376\377\000D\000e\000\040\000c\000e\000\040\000n\000u\000\040\000e\000s\000t\000e\000\040\000s\000u\000f\000i\000c\000i\000e\000n\000t\001\003\000\040\000g\000e\000n\000e\000r\000a\000r\000e\000a\000\040\000d\000i\000r\000e\000c\000t\001\003}{chapter.6}% 80
\BOOKMARK [1][-]{section.6.2}{\376\377\000P\000r\000i\000n\000c\000i\000p\000i\000u\000l\000\040\000p\000i\000p\000e\000l\000i\000n\000e\000-\000u\000l\000u\000i\000\040\000\356\000n\000\040\000t\000r\000e\000i\000\040\000f\000a\000z\000e}{chapter.6}% 81
\BOOKMARK [1][-]{section.6.3}{\376\377\000F\000a\000z\000a\000\040\0001\000:\000\040\000e\000x\000t\000r\000a\000g\000e\000r\000e\000a\000\040\000i\000n\000t\000e\000n\002\033\000i\000e\000i}{chapter.6}% 82
\BOOKMARK [1][-]{section.6.4}{\376\377\000F\000a\000z\000a\000\040\0002\000:\000\040\000g\000e\000n\000e\000r\000a\000r\000e\000a\000\040\000s\000t\000r\000u\000c\000t\000u\000r\000i\000i}{chapter.6}% 83
\BOOKMARK [1][-]{section.6.5}{\376\377\000F\000a\000z\000a\000\040\0003\000:\000\040\000s\000t\000i\000l\000i\000z\000a\000r\000e\000a}{chapter.6}% 84
\BOOKMARK [1][-]{section.6.6}{\376\377\000I\000n\000t\000e\000g\000r\000a\000r\000e\000a\000\040\000c\000u\000\040\000O\000p\000e\000n\000A\000I\000\040\000A\000P\000I}{chapter.6}% 85
\BOOKMARK [1][-]{section.6.7}{\376\377\000S\000t\000r\000u\000c\000t\000u\000r\000a\000\040\000c\000e\000r\000e\000r\000i\000l\000o\000r\000\040\000A\000I\000\040\002\031\000i\000\040\000f\000e\000e\000d\000b\000a\000c\000k\000\040\000i\000n\000c\000r\000e\000m\000e\000n\000t\000a\000l}{chapter.6}% 86
\BOOKMARK [1][-]{section.6.8}{\376\377\000R\000o\000l\000u\000l\000\040\000i\000e\002\031\000i\000r\000i\000l\000o\000r\000\040\000s\000t\000r\000u\000c\000t\000u\000r\000a\000t\000e}{chapter.6}% 87
\BOOKMARK [1][-]{section.6.9}{\376\377\000M\000e\000c\000a\000n\000i\000s\000m\000e\000\040\000d\000e\000\040\000v\000a\000l\000i\000d\000a\000r\000e\000\040\002\031\000i\000\040\000r\000e\000p\000a\000r\000a\000r\000e}{chapter.6}% 88
\BOOKMARK [1][-]{section.6.10}{\376\377\000R\000e\000p\000r\000e\000z\000e\000n\000t\000a\000r\000e\000a\000\040\000i\000n\000t\000e\000r\000m\000e\000d\000i\000a\000r\001\003\000\040\000\356\000n\000\040\000d\000e\000t\000a\000l\000i\000u}{chapter.6}% 89
\BOOKMARK [1][-]{section.6.11}{\376\377\000M\000a\000p\000a\000r\000e\000a\000\040\000d\000i\000n\000t\000r\000e\000\040\000c\000a\000n\000v\000a\000s\000\040\002\031\000i\000\040\000I\000R}{chapter.6}% 90
\BOOKMARK [1][-]{section.6.12}{\376\377\000E\000x\000e\000m\000p\000l\000u\000\040\000c\000o\000n\000c\000r\000e\000t\000\040\000d\000e\000\040\000f\000l\000u\000x\000\040\000d\000e\000\040\000l\000a\000\040\000p\000r\000o\000m\000p\000t\000\040\000l\000a\000\040\000I\000R\000\040\002\031\000i\000\040\000e\000x\000p\000o\000r\000t}{chapter.6}% 91
\BOOKMARK [1][-]{section.6.13}{\376\377\000M\000o\000t\000o\000r\000u\000l\000\040\000d\000e\000\040\000c\000o\000n\000v\000e\000r\000s\000i\000e}{chapter.6}% 92
\BOOKMARK [2][-]{subsection.6.13.1}{\376\377\000S\000e\000p\000a\000r\000a\000r\000e\000a\000\040\000\356\000n\000\040\000p\000r\000o\000i\000e\000c\000t\000\040\000d\000e\000d\000i\000c\000a\000t}{section.6.13}% 93
\BOOKMARK [2][-]{subsection.6.13.2}{\376\377\000V\000a\000l\000i\000d\000a\000r\000e\000a}{section.6.13}% 94
\BOOKMARK [2][-]{subsection.6.13.3}{\376\377\000G\000e\000n\000e\000r\000a\000r\000e\000a\000\040\000s\000i\000n\000g\000l\000e\000-\000p\000a\000g\000e\000\040\002\031\000i\000\040\000m\000u\000l\000t\000i\000-\000p\000a\000g\000e}{section.6.13}% 95
\BOOKMARK [2][-]{subsection.6.13.4}{\376\377\000R\000e\000s\000p\000o\000n\000s\000i\000v\000e\000\040\000o\000u\000t\000p\000u\000t}{section.6.13}% 96
\BOOKMARK [1][-]{section.6.14}{\376\377\000L\000e\000g\001\003\000t\000u\000r\000a\000\040\000d\000i\000n\000t\000r\000e\000\040\000A\000I\000\040\002\031\000i\000\040\000c\000o\000n\000v\000e\000r\000t\000o\000r}{chapter.6}% 97
\BOOKMARK [1][-]{section.6.15}{\376\377\000L\000i\000m\000i\000t\001\003\000r\000i\000\040\000a\000c\000t\000u\000a\000l\000e}{chapter.6}% 98
\BOOKMARK [1][-]{section.6.16}{\376\377\000C\000o\000n\000c\000l\000u\000z\000i\000i\000\040\000i\000n\000t\000e\000r\000m\000e\000d\000i\000a\000r\000e}{chapter.6}% 99
\BOOKMARK [0][-]{chapter.7}{\376\377\000S\000e\000c\000u\000r\000i\000t\000a\000t\000e\000,\000\040\000t\000e\000s\000t\000a\000r\000e\000\040\002\031\000i\000\040\000v\000a\000l\000i\000d\000a\000r\000e}{}% 100
\BOOKMARK [1][-]{section.7.1}{\376\377\000R\000o\000l\000u\000l\000\040\000a\000c\000e\000s\000t\000e\000i\000\040\000e\000t\000a\000p\000e\000\040\000\356\000n\000\040\000p\000r\000o\000i\000e\000c\000t}{chapter.7}% 101
\BOOKMARK [1][-]{section.7.2}{\376\377\000M\001\003\000s\000u\000r\000i\000\040\000d\000e\000\040\000s\000e\000c\000u\000r\000i\000t\000a\000t\000e\000\040\000i\000m\000p\000l\000e\000m\000e\000n\000t\000a\000t\000e}{chapter.7}% 102
\BOOKMARK [2][-]{subsection.7.2.1}{\376\377\000A\000u\000t\000e\000n\000t\000i\000f\000i\000c\000a\000r\000e\000\040\002\031\000i\000\040\000s\000e\000s\000i\000u\000n\000e}{section.7.2}% 103
\BOOKMARK [2][-]{subsection.7.2.2}{\376\377\000L\000i\000m\000i\000t\000a\000r\000e\000a\000\040\000e\000x\000p\000u\000n\000e\000r\000i\000i\000\040\000A\000P\000I\000-\000u\000l\000u\000i}{section.7.2}% 104
\BOOKMARK [2][-]{subsection.7.2.3}{\376\377\000M\000i\000d\000d\000l\000e\000w\000a\000r\000e\000\040\002\031\000i\000\040\000a\000n\000t\000e\000t\000e\000\040\000d\000e\000\040\000s\000e\000c\000u\000r\000i\000t\000a\000t\000e}{section.7.2}% 105
\BOOKMARK [2][-]{subsection.7.2.4}{\376\377\000U\000p\000l\000o\000a\000d\000-\000u\000r\000i\000\040\002\031\000i\000\040\000a\000s\000s\000e\000t\000-\000u\000r\000i}{section.7.2}% 106
\BOOKMARK [1][-]{section.7.3}{\376\377\000S\000t\000r\000a\000t\000e\000g\000i\000a\000\040\000d\000e\000\040\000t\000e\000s\000t\000a\000r\000e}{chapter.7}% 107
\BOOKMARK [2][-]{subsection.7.3.1}{\376\377\000T\000e\000s\000t\000a\000r\000e\000\040\000a\000u\000t\000o\000m\000a\000t\001\003\000\040\000b\000a\000c\000k\000e\000n\000d}{section.7.3}% 108
\BOOKMARK [2][-]{subsection.7.3.2}{\376\377\000T\000e\000s\000t\000a\000r\000e\000a\000\040\000c\000o\000n\000v\000e\000r\000t\000o\000r\000u\000l\000u\000i}{section.7.3}% 109
\BOOKMARK [2][-]{subsection.7.3.3}{\376\377\000S\000c\000e\000n\000a\000r\000i\000i\000\040\000r\000e\000p\000r\000e\000z\000e\000n\000t\000a\000t\000i\000v\000e\000\040\000a\000n\000c\000o\000r\000a\000t\000e\000\040\000\356\000n\000\040\000t\000e\000s\000t\000e}{section.7.3}% 110
\BOOKMARK [2][-]{subsection.7.3.4}{\376\377\000I\000n\000d\000i\000c\000a\000t\000o\000r\000i\000\040\000c\000a\000n\000t\000i\000t\000a\000t\000i\000v\000i\000\040\000o\000b\000s\000e\000r\000v\000a\002\033\000i}{section.7.3}% 111
\BOOKMARK [2][-]{subsection.7.3.5}{\376\377\000T\000e\000s\000t\000a\000r\000e\000\040\000f\000r\000o\000n\000t\000e\000n\000d}{section.7.3}% 112
\BOOKMARK [1][-]{section.7.4}{\376\377\000V\000a\000l\000i\000d\000a\000r\000e\000\040\000f\000u\000n\000c\002\033\000i\000o\000n\000a\000l\001\003}{chapter.7}% 113
\BOOKMARK [1][-]{section.7.5}{\376\377\000L\000i\000m\000i\000t\001\003\000r\000i\000\040\000a\000l\000e\000\040\000v\000a\000l\000i\000d\001\003\000r\000i\000i\000\040\000a\000c\000t\000u\000a\000l\000e}{chapter.7}% 114
\BOOKMARK [1][-]{section.7.6}{\376\377\000C\000o\000n\000c\000l\000u\000z\000i\000i\000\040\000i\000n\000t\000e\000r\000m\000e\000d\000i\000a\000r\000e}{chapter.7}% 115
\BOOKMARK [0][-]{chapter.8}{\376\377\000C\000o\000n\000c\000l\000u\000z\000i\000i\000\040\002\031\000i\000\040\000p\000e\000r\000s\000p\000e\000c\000t\000i\000v\000e\000\040\000d\000e\000\040\000d\000e\000z\000v\000o\000l\000t\000a\000r\000e}{}% 116
\BOOKMARK [1][-]{section.8.1}{\376\377\000G\000r\000a\000d\000u\000l\000\040\000d\000e\000\040\000\356\000n\000d\000e\000p\000l\000i\000n\000i\000r\000e\000\040\000a\000\040\000o\000b\000i\000e\000c\000t\000i\000v\000e\000l\000o\000r}{chapter.8}% 117
\BOOKMARK [1][-]{section.8.2}{\376\377\000P\000u\000n\000c\000t\000e\000\040\000f\000o\000r\000t\000e\000\040\000a\000l\000e\000\040\000p\000r\000o\000i\000e\000c\000t\000u\000l\000u\000i}{chapter.8}% 118
\BOOKMARK [1][-]{section.8.3}{\376\377\000L\000i\000m\000i\000t\001\003\000r\000i}{chapter.8}% 119
\BOOKMARK [1][-]{section.8.4}{\376\377\000P\000e\000r\000s\000p\000e\000c\000t\000i\000v\000e\000\040\000d\000e\000\040\000d\000e\000z\000v\000o\000l\000t\000a\000r\000e}{chapter.8}% 120
\BOOKMARK [2][-]{subsection.8.4.1}{\376\377\000C\000o\000l\000a\000b\000o\000r\000a\000r\000e\000\040\002\031\000i\000\040\000v\000e\000r\000s\000i\000o\000n\000a\000r\000e}{section.8.4}% 121
\BOOKMARK [2][-]{subsection.8.4.2}{\376\377\000\316\000m\000b\000u\000n\001\003\000t\001\003\002\033\000i\000r\000e\000a\000\040\000p\000i\000p\000e\000l\000i\000n\000e\000-\000u\000l\000u\000i\000\040\000A\000I}{section.8.4}% 122
\BOOKMARK [2][-]{subsection.8.4.3}{\376\377\000C\000o\000m\000p\000o\000n\000e\000n\000t\000i\000z\000a\000r\000e\000\040\002\031\000i\000\040\000d\000e\000s\000i\000g\000n\000\040\000s\000y\000s\000t\000e\000m\000s}{section.8.4}% 123
\BOOKMARK [2][-]{subsection.8.4.4}{\376\377\000T\000e\000s\000t\000a\000r\000e\000\040\000f\000r\000o\000n\000t\000e\000n\000d\000\040\002\031\000i\000\040\000o\000b\000s\000e\000r\000v\000a\000b\000i\000l\000i\000t\000a\000t\000e}{section.8.4}% 124
\BOOKMARK [1][-]{section.8.5}{\376\377\000\316\000n\000c\000h\000e\000i\000e\000r\000e}{chapter.8}% 125
\BOOKMARK [0][-]{chapter.A}{\376\377\000S\000c\000e\000n\000a\000r\000i\000i\000\040\000d\000e\000\040\000d\000e\000m\000o\000\040\002\031\000i\000\040\000v\000a\000l\000i\000d\000a\000r\000e\000\040\000f\000u\000n\000c\002\033\000i\000o\000n\000a\000l\001\003}{}% 126
\BOOKMARK [1][-]{section.A.1}{\376\377\000S\000c\000o\000p\000u\000l\000\040\000a\000n\000e\000x\000e\000i}{chapter.A}% 127
\BOOKMARK [1][-]{section.A.2}{\376\377\000S\000c\000e\000n\000a\000r\000i\000u\000l\000\040\0001\000:\000\040\000c\000r\000e\000a\000r\000e\000\040\000c\000o\000n\000t\000\040\002\031\000i\000\040\000a\000u\000t\000e\000n\000t\000i\000f\000i\000c\000a\000r\000e}{chapter.A}% 128
\BOOKMARK [1][-]{section.A.3}{\376\377\000S\000c\000e\000n\000a\000r\000i\000u\000l\000\040\0002\000:\000\040\000a\000c\000t\000i\000v\000a\000r\000e\000\040\002\031\000i\000\040\000f\000o\000l\000o\000s\000i\000r\000e\000\040\0002\000F\000A}{chapter.A}% 129
\BOOKMARK [1][-]{section.A.4}{\376\377\000S\000c\000e\000n\000a\000r\000i\000u\000l\000\040\0003\000:\000\040\000c\000r\000e\000a\000r\000e\000\040\000p\000r\000o\000i\000e\000c\000t\000\040\002\031\000i\000\040\000e\000d\000i\000t\000a\000r\000e\000\040\000\356\000n\000\040\000c\000a\000n\000v\000a\000s}{chapter.A}% 130
\BOOKMARK [1][-]{section.A.5}{\376\377\000S\000c\000e\000n\000a\000r\000i\000u\000l\000\040\0004\000:\000\040\000g\000e\000n\000e\000r\000a\000r\000e\000\040\000A\000I}{chapter.A}% 131
\BOOKMARK [1][-]{section.A.6}{\376\377\000S\000c\000e\000n\000a\000r\000i\000u\000l\000\040\0005\000:\000\040\000e\000x\000p\000o\000r\000t\000\040\000\356\000n\000\040\000c\000o\000d}{chapter.A}% 132
\BOOKMARK [1][-]{section.A.7}{\376\377\000S\000c\000e\000n\000a\000r\000i\000u\000l\000\040\0006\000:\000\040\000e\000x\000p\000l\000o\000r\000a\000r\000e\000,\000\040\000s\000o\000c\000i\000a\000l\000\040\002\031\000i\000\040\000f\000o\000r\000k}{chapter.A}% 133
\BOOKMARK [0][-]{chapter.B}{\376\377\000E\000x\000e\000m\000p\000l\000e\000\040\000t\000e\000h\000n\000i\000c\000e\000\040\002\031\000i\000\040\000n\000o\000t\000e\000\040\000d\000e\000\040\000a\000r\000h\000i\000t\000e\000c\000t\000u\000r\001\003}{}% 134
\BOOKMARK [1][-]{section.B.1}{\376\377\000M\000a\000p\000a\000r\000e\000a\000\040\000d\000i\000n\000t\000r\000e\000\040\000m\000o\000d\000u\000l\000e\000l\000e\000\040\000p\000r\000o\000i\000e\000c\000t\000u\000l\000u\000i}{chapter.B}% 135
\BOOKMARK [1][-]{section.B.2}{\376\377\000E\000x\000e\000m\000p\000l\000u\000\040\000s\000i\000m\000p\000l\000i\000f\000i\000c\000a\000t\000\040\000d\000e\000\040\000r\000e\000p\000r\000e\000z\000e\000n\000t\000a\000r\000e\000\040\000i\000n\000t\000e\000r\000m\000e\000d\000i\000a\000r\001\003}{chapter.B}% 136
\BOOKMARK [1][-]{section.B.3}{\376\377\000E\000x\000e\000m\000p\000l\000e\000\040\000s\000i\000m\000p\000l\000i\000f\000i\000c\000a\000t\000e\000\040\000d\000e\000\040\000c\000e\000r\000e\000r\000i\000\040\000c\001\003\000t\000r\000e\000\040\000A\000P\000I}{chapter.B}% 137
\BOOKMARK [1][-]{section.B.4}{\376\377\000E\000x\000e\000m\000p\000l\000u\000\040\000s\000i\000m\000p\000l\000i\000f\000i\000c\000a\000t\000\040\000d\000e\000\040\000c\000o\000d\000\040\000g\000e\000n\000e\000r\000a\000t}{chapter.B}% 138
\BOOKMARK [1][-]{section.B.5}{\376\377\000N\000o\000t\000e\000\040\000p\000r\000a\000c\000t\000i\000c\000e\000\040\000d\000e\000s\000p\000r\000e\000\040\000o\000r\000g\000a\000n\000i\000z\000a\000r\000e\000a\000\040\000e\000d\000i\000t\000o\000r\000u\000l\000u\000i}{chapter.B}% 139
\BOOKMARK [1][-]{section.B.6}{\376\377\000E\000x\000e\000m\000p\000l\000u\000\040\000s\000i\000m\000p\000l\000i\000f\000i\000c\000a\000t\000\040\000d\000e\000\040\000e\000v\000e\000n\000i\000m\000e\000n\000t\000e\000\040\000d\000e\000\040\000s\000t\000r\000e\000a\000m\000i\000n\000g}{chapter.B}% 140
\BOOKMARK [0][-]{chapter.C}{\376\377\000I\000n\000v\000e\000n\000t\000a\000r\000\040\000d\000e\000\040\000e\000n\000d\000p\000o\000i\000n\000t\000-\000u\000r\000i\000\040\000A\000P\000I}{}% 141
\BOOKMARK [1][-]{section.C.1}{\376\377\000O\000b\000s\000e\000r\000v\000a\002\033\000i\000i\000\040\000g\000e\000n\000e\000r\000a\000l\000e}{chapter.C}% 142
\BOOKMARK [1][-]{section.C.2}{\376\377\000E\000n\000d\000p\000o\000i\000n\000t\000-\000u\000r\000i\000\040\000p\000e\000n\000t\000r\000u\000\040\000c\000o\000n\000t\000\040\002\031\000i\000\040\000a\000u\000t\000e\000n\000t\000i\000f\000i\000c\000a\000r\000e}{chapter.C}% 143
\BOOKMARK [1][-]{section.C.3}{\376\377\000E\000n\000d\000p\000o\000i\000n\000t\000-\000u\000r\000i\000\040\000p\000e\000n\000t\000r\000u\000\040\000p\000r\000o\000i\000e\000c\000t\000e}{chapter.C}% 144
\BOOKMARK [1][-]{section.C.4}{\376\377\000E\000n\000d\000p\000o\000i\000n\000t\000-\000u\000r\000i\000\040\000p\000e\000n\000t\000r\000u\000\040\000u\000t\000i\000l\000i\000z\000a\000t\000o\000r\000i\000\040\002\031\000i\000\040\000p\000r\000o\000f\000i\000l\000u\000r\000i}{chapter.C}% 145
\BOOKMARK [1][-]{section.C.5}{\376\377\000E\000n\000d\000p\000o\000i\000n\000t\000-\000u\000r\000i\000\040\000p\000e\000n\000t\000r\000u\000\040\000e\000x\000p\000l\000o\000r\000e\000\040\002\031\000i\000\040\000r\000e\000c\000o\000m\000a\000n\000d\001\003\000r\000i}{chapter.C}% 146
\BOOKMARK [1][-]{section.C.6}{\376\377\000E\000n\000d\000p\000o\000i\000n\000t\000-\000u\000r\000i\000\040\000p\000e\000n\000t\000r\000u\000\040\000A\000I\000\040\002\031\000i\000\040\000c\000o\000n\000v\000e\000r\000s\000i\000e}{chapter.C}% 147
\BOOKMARK [0][-]{appendix*.34}{\376\377\000B\000i\000b\000l\000i\000o\000g\000r\000a\000f\000i\000e}{}% 148
